<?xml version="1.0" encoding="UTF-8"?>
<!-- Generated by org.testng.reporters.JUnitReportReporter -->
<testsuite hostname="LAPTOP-AMFNAH21" failures="0" tests="1" name="testcases.LoginPage" time="5.584" errors="0" timestamp="2023-07-27T10:08:13 IST" skipped="0">
  <testcase classname="testcases.LoginPage" name="test1" time="5.584"/>
  <system-out/>
</testsuite> <!-- testcases.LoginPage -->
